p01532@raven:~/swift-cray-tutorial/part04> swift p4.swift -nsim=10000 -steps=2
Swift 0.94.1 RC2 swift-r6895 cog-r3765

RunID: 20130824-2132-n4z3dxk1
Progress:  time: Sat, 24 Aug 2013 21:32:43 -0500

*** Script parameters: nsim=10000 steps=2 range=100 

Progress:  time: Sat, 24 Aug 2013 21:32:45 -0500  Initializing:3
Progress:  time: Sat, 24 Aug 2013 21:32:46 -0500  Initializing:33
Progress:  time: Sat, 24 Aug 2013 21:32:47 -0500  Initializing:1613
Progress:  time: Sat, 24 Aug 2013 21:32:50 -0500  Selecting site:9999  Submitting:1
Progress:  time: Sat, 24 Aug 2013 21:32:52 -0500  Selecting site:8998  Stage in:1  Submitted:1001
Progress:  time: Sat, 24 Aug 2013 21:32:55 -0500  Selecting site:8998  Submitted:714  Active:287  Stage out:1
Progress:  time: Sat, 24 Aug 2013 21:32:57 -0500  Selecting site:8950  Submitted:714  Active:287  Stage out:1  Finished successfully:48
Progress:  time: Sat, 24 Aug 2013 21:32:58 -0500  Selecting site:8921  Submitting:1  Submitted:713  Active:257  Stage out:31  Finished successfully:77
Progress:  time: Sat, 24 Aug 2013 21:32:59 -0500  Selecting site:8858  Stage in:1  Submitting:5  Submitted:708  Active:178  Stage out:110  Finished successfully:140
Progress:  time: Sat, 24 Aug 2013 21:33:00 -0500  Selecting site:8658  Stage in:1  Submitting:1  Submitted:713  Active:287  Finished successfully:340
.....
Progress:  time: Sat, 24 Aug 2013 21:34:39 -0500  Submitted:555  Active:287  Finished successfully:9158
Progress:  time: Sat, 24 Aug 2013 21:34:40 -0500  Submitted:454  Active:283  Stage out:4  Finished successfully:9259
Progress:  time: Sat, 24 Aug 2013 21:34:41 -0500  Submitted:361  Active:285  Stage out:3  Finished successfully:9351
Progress:  time: Sat, 24 Aug 2013 21:34:42 -0500  Submitted:265  Active:287  Stage out:1  Finished successfully:9447
Progress:  time: Sat, 24 Aug 2013 21:34:43 -0500  Submitted:206  Active:224  Stage out:6  Finished successfully:9564
Progress:  time: Sat, 24 Aug 2013 21:34:44 -0500  Submitted:185  Active:155  Stage out:10  Finished successfully:9650
Progress:  time: Sat, 24 Aug 2013 21:34:45 -0500  Submitted:181  Active:124  Stage out:39  Finished successfully:9656
Progress:  time: Sat, 24 Aug 2013 21:34:46 -0500  Submitted:169  Active:56  Stage out:94  Finished successfully:9681
Progress:  time: Sat, 24 Aug 2013 21:34:47 -0500  Submitted:76  Active:95  Stage out:1  Finished successfully:9828
Progress:  time: Sat, 24 Aug 2013 21:34:48 -0500  Submitted:67  Active:95  Stage out:1  Finished successfully:9837
Progress:  time: Sat, 24 Aug 2013 21:34:49 -0500  Active:81  Stage out:1  Finished successfully:9918
Progress:  time: Sat, 24 Aug 2013 21:34:50 -0500  Active:71  Stage out:1  Finished successfully:9928
Progress:  time: Sat, 24 Aug 2013 21:34:51 -0500  Active:6  Stage out:2  Finished successfully:9992
Final status: Sat, 24 Aug 2013 21:34:51 -0500  Finished successfully:10000
p01532@raven:~/swift-cray-tutorial/part04> 
